build/app/outputs/mapping/release/mapping.txt
# compiler: R8
# compiler_version: 1.5.64
# min_api: 16
# pg_map_id: a991cfa
...
com.google.android.gms.internal.measurement.zzbv -> c.b.a.a.d.c.h0:
    com.google.android.gms.internal.measurement.zzbv zzb(java.lang.String) -> a
    com.google.android.gms.internal.measurement.zzby zzd(int) -> a
    com.google.android.gms.internal.measurement.zzbv zze(int,com.google.android.gms.internal.measurement.zzby) -> a
    java.lang.String zza() -> k
    int zzc() -> l
com.google.android.gms.internal.measurement.zzbw -> c.b.a.a.d.c.i0:
    java.lang.Object zzl(int,java.lang.Object,java.lang.Object) -> a
    void zzp(com.google.android.gms.internal.measurement.zzbw,java.lang.String) -> a
    void zzq(com.google.android.gms.internal.measurement.zzbw,int,com.google.android.gms.internal.measurement.zzby) -> a
    com.google.android.gms.internal.measurement.zzby zzf(int) -> b
    boolean zza() -> n
    int zzb() -> o
    java.lang.String zzc() -> p
    java.util.List zzd() -> q
    int zze() -> r
    boolean zzg() -> s
    com.google.android.gms.internal.measurement.zzcd zzh() -> t
    boolean zzi() -> u
    boolean zzj() -> v
    boolean zzk() -> w
    boolean zzm() -> x
    com.google.android.gms.internal.measurement.zzbv zzn() -> y
    com.google.android.gms.internal.measurement.zzbw zzo() -> z
com.google.android.gms.internal.measurement.zzbx -> c.b.a.a.d.c.j0:
    com.google.android.gms.internal.measurement.zzbx zza(java.lang.String) -> a
com.google.android.gms.internal.measurement.zzby -> c.b.a.a.d.c.k0:
    void zzk(com.google.android.gms.internal.measurement.zzby,java.lang.String) -> a
    java.lang.Object zzl(int,java.lang.Object,java.lang.Object) -> a
    boolean zza() -> n
    com.google.android.gms.internal.measurement.zzck zzb() -> o
    boolean zzc() -> p
    com.google.android.gms.internal.measurement.zzcd zzd() -> q
    boolean zze() -> r
    boolean zzf() -> s
    boolean zzg() -> t
    java.lang.String zzh() -> u
    com.google.android.gms.internal.measurement.zzby zzi() -> v
    com.google.android.gms.internal.measurement.zzby zzj() -> w
com.google.android.gms.internal.measurement.zzbz -> c.b.a.a.d.c.l0:
com.google.android.gms.internal.measurement.zzc -> c.b.a.a.d.c.m0:
    java.lang.ClassLoader zza -> a
    boolean zza(android.os.Parcel) -> a
    void zzb(android.os.Parcel,boolean) -> a
    android.os.Parcelable zzc(android.os.Parcel,android.os.Parcelable$Creator) -> a
    void zzd(android.os.Parcel,android.os.Parcelable) -> a
    void zze(android.os.Parcel,android.os.IInterface) -> a
    java.util.HashMap zzf(android.os.Parcel) -> b
com.google.android.gms.internal.measurement.zzca -> c.b.a.a.d.c.n0:
com.google.android.gms.internal.measurement.zzcb -> c.b.a.a.d.c.o0:
    com.google.android.gms.internal.measurement.zzhw zza -> a
    boolean zza(int) -> a
com.google.android.gms.internal.measurement.zzcc -> c.b.a.a.d.c.p0:
    com.google.android.gms.internal.measurement.zzcc[] zzh -> g
    com.google.android.gms.internal.measurement.zzcc zzb -> c
    com.google.android.gms.internal.measurement.zzcc zza -> b
    com.google.android.gms.internal.measurement.zzcc zzd -> e
    com.google.android.gms.internal.measurement.zzcc zzc -> d
    com.google.android.gms.internal.measurement.zzcc zze -> f
    int zzg -> a
    com.google.android.gms.internal.measurement.zzcc zza(int) -> a
    com.google.android.gms.internal.measurement.zzhw zzb() -> b
com.google.android.gms.internal.measurement.zzcd -> c.b.a.a.d.c.q0:
    java.lang.Object zzl(int,java.lang.Object,java.lang.Object) -> a
    boolean zza() -> n
    com.google.android.gms.internal.measurement.zzcc zzb() -> o
    boolean zzc() -> p
    boolean zzd() -> q
    boolean zze() -> r
    java.lang.String zzf() -> s
    boolean zzg() -> t
    java.lang.String zzh() -> u
    boolean zzi() -> v
    java.lang.String zzj() -> w
    com.google.android.gms.internal.measurement.zzcd zzk() -> x
    com.google.android.gms.internal.measurement.zzcd zzm() -> y